SF:lib/screens/bottomNavBar/bottom_nav_bloc.dart
DA:6,2
DA:7,4
LF:2
LH:2
end_of_record
SF:lib/constants.dart
DA:4,0
DA:21,3
DA:22,3
DA:23,3
LF:4
LH:3
end_of_record
SF:lib/screens/login/login_bloc.dart
DA:20,2
DA:21,4
DA:22,2
DA:24,4
DA:30,0
DA:34,0
DA:44,0
DA:50,0
LF:8
LH:4
end_of_record
SF:lib/locater.dart
DA:5,15
DA:7,1
DA:8,4
DA:9,4
LF:4
LH:4
end_of_record
SF:lib/services/api.dart
DA:13,0
DA:22,0
DA:23,0
DA:25,0
DA:26,0
DA:29,0
DA:32,0
DA:34,0
DA:36,0
DA:39,0
DA:40,0
LF:11
LH:0
end_of_record
SF:lib/services/hive.dart
DA:9,1
DA:10,3
DA:13,3
DA:16,3
DA:17,6
DA:22,5
DA:24,5
DA:25,10
LF:8
LH:8
end_of_record
SF:lib/models/country_model.dart
DA:5,0
DA:7,0
DA:8,0
DA:9,0
DA:10,0
DA:11,0
DA:14,0
DA:17,0
DA:18,0
DA:19,0
DA:20,0
DA:22,0
DA:36,0
DA:45,0
DA:46,0
DA:47,0
DA:48,0
DA:49,0
DA:50,0
DA:51,0
DA:52,0
DA:55,0
DA:56,0
DA:57,0
DA:58,0
DA:59,0
DA:60,0
DA:61,0
DA:62,0
DA:63,0
LF:30
LH:0
end_of_record
SF:lib/models/login_model.dart
DA:5,0
DA:7,0
DA:8,0
DA:9,0
DA:10,0
DA:13,0
DA:14,0
DA:15,0
DA:16,0
DA:18,0
DA:31,0
DA:39,0
DA:40,0
DA:41,0
DA:42,0
DA:43,0
DA:44,0
DA:45,0
DA:48,0
DA:49,0
DA:50,0
DA:51,0
DA:52,0
DA:53,0
DA:54,0
DA:55,0
LF:26
LH:0
end_of_record
SF:lib/services/exception_handler.dart
DA:13,1
DA:14,1
DA:15,1
DA:16,2
DA:18,1
DA:19,1
DA:20,1
DA:21,1
DA:23,1
DA:25,1
DA:27,1
DA:36,1
DA:39,1
DA:42,1
DA:45,1
DA:50,1
LF:16
LH:16
end_of_record
SF:lib/services/interceptor.dart
DA:4,0
DA:7,0
DA:10,0
DA:12,0
DA:15,0
DA:18,0
LF:6
LH:0
end_of_record
SF:lib/screens/startup/startup_bloc.dart
DA:15,0
DA:16,0
DA:19,0
DA:20,0
DA:24,0
DA:25,0
DA:26,0
DA:28,0
DA:29,0
DA:32,2
DA:33,6
DA:39,2
DA:40,6
LF:13
LH:4
end_of_record
SF:lib/screens/verfication/verification_bloc.dart
DA:23,2
DA:24,30
DA:26,2
DA:27,2
DA:28,4
DA:29,6
DA:30,6
DA:31,2
DA:32,4
DA:37,0
DA:41,0
DA:51,0
DA:62,0
DA:63,0
DA:68,2
DA:69,2
DA:72,0
DA:77,0
DA:90,0
DA:95,0
DA:96,0
DA:99,0
DA:101,0
LF:23
LH:11
end_of_record
SF:lib/models/verify_model.dart
DA:5,0
DA:7,0
DA:8,0
DA:9,0
DA:12,0
DA:13,0
DA:14,0
DA:15,0
DA:17,0
DA:26,0
DA:28,0
DA:29,0
DA:30,0
DA:33,0
DA:34,0
DA:35,0
DA:36,0
LF:17
LH:0
end_of_record
SF:lib/enum/appoint_state.dart
DA:20,1
DA:22,1
DA:24,1
DA:26,1
DA:28,1
DA:30,1
DA:32,1
DA:35,2
DA:39,1
DA:41,1
DA:43,1
DA:45,1
DA:47,1
DA:49,1
DA:51,1
DA:54,2
LF:16
LH:16
end_of_record
SF:lib/screens/appointments/appointment_bloc.dart
DA:17,2
DA:18,6
DA:23,2
DA:24,6
DA:31,0
DA:32,0
DA:33,0
DA:36,0
DA:37,0
DA:40,0
DA:42,0
DA:45,3
DA:47,3
DA:48,6
DA:49,6
DA:51,6
DA:52,6
DA:53,9
DA:58,0
DA:59,0
DA:60,0
DA:63,0
DA:64,0
DA:65,0
DA:70,0
DA:72,0
DA:73,0
DA:76,0
DA:77,0
DA:78,0
DA:83,0
DA:84,0
DA:90,0
DA:91,0
LF:34
LH:11
end_of_record
SF:lib/models/apointments_model.dart
DA:5,0
DA:7,0
DA:8,0
DA:9,0
DA:10,0
DA:11,0
DA:14,0
DA:17,0
DA:18,0
DA:19,0
DA:20,0
DA:22,0
DA:46,0
DA:65,0
DA:66,0
DA:67,0
DA:68,0
DA:69,0
DA:70,0
DA:71,0
DA:72,0
DA:73,0
DA:74,0
DA:75,0
DA:76,0
DA:77,0
DA:78,0
DA:79,0
DA:80,0
DA:81,0
DA:82,0
DA:85,0
DA:86,0
DA:87,0
DA:88,0
DA:89,0
DA:90,0
DA:91,0
DA:92,0
DA:93,0
DA:94,0
DA:95,0
DA:96,0
DA:97,0
DA:98,0
DA:99,0
DA:100,0
DA:101,0
DA:102,0
DA:103,0
LF:50
LH:0
end_of_record
