SF:lib/screens/bottomNavBar/bottom_nav_bloc.dart
DA:6,1
DA:7,2
LF:2
LH:2
end_of_record
SF:lib/constants.dart
DA:18,3
DA:19,3
DA:20,3
LF:3
LH:3
end_of_record
SF:lib/screens/login/login_bloc.dart
DA:20,1
DA:21,2
DA:22,1
DA:24,2
DA:30,0
DA:34,0
DA:44,0
DA:50,0
LF:8
LH:4
end_of_record
SF:lib/services/exception_handler.dart
DA:13,1
DA:14,1
DA:15,1
DA:16,2
DA:18,1
DA:19,1
DA:20,1
DA:21,1
DA:23,1
DA:25,1
DA:27,1
DA:36,1
DA:39,1
DA:42,1
DA:45,1
DA:50,1
LF:16
LH:16
end_of_record
SF:lib/locater.dart
DA:5,9
DA:7,1
DA:8,4
DA:9,4
LF:4
LH:4
end_of_record
SF:lib/services/api.dart
DA:13,0
DA:22,0
DA:23,0
DA:25,0
DA:26,0
DA:29,0
DA:32,0
DA:34,0
DA:36,0
DA:39,0
DA:40,0
LF:11
LH:0
end_of_record
SF:lib/services/hive.dart
DA:9,1
DA:10,3
DA:13,2
DA:16,2
DA:17,4
DA:22,3
DA:24,3
DA:25,6
LF:8
LH:8
end_of_record
SF:lib/models/country_model.dart
DA:5,0
DA:7,0
DA:8,0
DA:9,0
DA:10,0
DA:11,0
DA:14,0
DA:17,0
DA:18,0
DA:19,0
DA:20,0
DA:22,0
DA:36,0
DA:45,0
DA:46,0
DA:47,0
DA:48,0
DA:49,0
DA:50,0
DA:51,0
DA:52,0
DA:55,0
DA:56,0
DA:57,0
DA:58,0
DA:59,0
DA:60,0
DA:61,0
DA:62,0
DA:63,0
LF:30
LH:0
end_of_record
SF:lib/models/login_model.dart
DA:5,0
DA:7,0
DA:8,0
DA:9,0
DA:10,0
DA:13,0
DA:14,0
DA:15,0
DA:16,0
DA:18,0
DA:31,0
DA:39,0
DA:40,0
DA:41,0
DA:42,0
DA:43,0
DA:44,0
DA:45,0
DA:48,0
DA:49,0
DA:50,0
DA:51,0
DA:52,0
DA:53,0
DA:54,0
DA:55,0
LF:26
LH:0
end_of_record
SF:lib/services/interceptor.dart
DA:4,0
DA:7,0
DA:10,0
DA:12,0
DA:15,0
DA:18,0
LF:6
LH:0
end_of_record
SF:lib/screens/startup/startup_bloc.dart
DA:15,0
DA:16,0
DA:19,0
DA:20,0
DA:24,0
DA:25,0
DA:26,0
DA:28,0
DA:29,0
DA:32,1
DA:33,3
DA:37,1
DA:38,2
DA:39,1
LF:14
LH:5
end_of_record
SF:lib/screens/verfication/verification_bloc.dart
DA:23,1
DA:24,15
DA:26,1
DA:27,1
DA:28,2
DA:29,3
DA:30,3
DA:31,1
DA:32,2
DA:37,0
DA:41,0
DA:51,0
DA:62,0
DA:63,0
DA:68,1
DA:69,1
DA:72,0
DA:77,0
DA:90,0
DA:95,0
DA:96,0
DA:99,0
DA:101,0
LF:23
LH:11
end_of_record
SF:lib/models/verify_model.dart
DA:5,0
DA:7,0
DA:8,0
DA:9,0
DA:12,0
DA:13,0
DA:14,0
DA:15,0
DA:17,0
DA:26,0
DA:28,0
DA:29,0
DA:30,0
DA:33,0
DA:34,0
DA:35,0
DA:36,0
LF:17
LH:0
end_of_record
SF:lib/screens/appointments/appointment_bloc.dart
DA:12,1
DA:13,2
DA:14,1
DA:18,1
DA:19,2
DA:20,1
DA:26,0
DA:27,0
DA:28,0
DA:31,0
DA:32,0
DA:35,0
DA:37,0
DA:40,2
DA:42,2
DA:43,4
DA:44,4
DA:46,4
DA:47,4
DA:48,6
DA:53,0
DA:54,0
DA:55,0
DA:58,0
DA:59,0
DA:60,0
DA:65,0
DA:67,0
DA:68,0
DA:71,0
DA:72,0
DA:73,0
LF:32
LH:13
end_of_record
SF:lib/models/apointments_model.dart
DA:5,0
DA:7,0
DA:8,0
DA:9,0
DA:10,0
DA:11,0
DA:14,0
DA:17,0
DA:18,0
DA:19,0
DA:20,0
DA:22,0
DA:46,0
DA:65,0
DA:66,0
DA:67,0
DA:68,0
DA:69,0
DA:70,0
DA:71,0
DA:72,0
DA:73,0
DA:74,0
DA:75,0
DA:76,0
DA:77,0
DA:78,0
DA:79,0
DA:80,0
DA:81,0
DA:82,0
DA:85,0
DA:86,0
DA:87,0
DA:88,0
DA:89,0
DA:90,0
DA:91,0
DA:92,0
DA:93,0
DA:94,0
DA:95,0
DA:96,0
DA:97,0
DA:98,0
DA:99,0
DA:100,0
DA:101,0
DA:102,0
DA:103,0
LF:50
LH:0
end_of_record
